<?xml version="1.0" encoding="UTF-8"?>
<testng-results ignored="0" total="5" passed="4" failed="1" skipped="0">
  <reporter-output>
  </reporter-output>
  <suite started-at="2023-11-21T19:39:17 GMT-07:00" name="Default suite" finished-at="2023-11-21T19:40:03 GMT-07:00" duration-ms="45321">
    <groups>
    </groups>
    <test started-at="2023-11-21T19:39:17 GMT-07:00" name="Default test" finished-at="2023-11-21T19:40:03 GMT-07:00" duration-ms="45321">
      <class name="tests.ContactTest">
        <test-method is-config="true" signature="setUp()[pri:0, instance:tests.ContactTest@738dc9b]" started-at="2023-11-21T19:39:17 GMT-07:00" name="setUp" finished-at="2023-11-21T19:39:35 GMT-07:00" duration-ms="17545" status="PASS">
          <reporter-output>
          </reporter-output>
        </test-method> <!-- setUp -->
        <test-method signature="sign_Up_Out_Test()[pri:1, instance:tests.ContactTest@738dc9b]" started-at="2023-11-21T19:39:35 GMT-07:00" name="sign_Up_Out_Test" finished-at="2023-11-21T19:39:38 GMT-07:00" duration-ms="2563" status="PASS">
          <reporter-output>
          </reporter-output>
        </test-method> <!-- sign_Up_Out_Test -->
        <test-method is-config="true" signature="tearDown()[pri:0, instance:tests.ContactTest@738dc9b]" started-at="2023-11-21T19:39:38 GMT-07:00" name="tearDown" finished-at="2023-11-21T19:39:38 GMT-07:00" duration-ms="418" status="PASS">
          <reporter-output>
          </reporter-output>
        </test-method> <!-- tearDown -->
        <test-method is-config="true" signature="setUp()[pri:0, instance:tests.ContactTest@738dc9b]" started-at="2023-11-21T19:39:38 GMT-07:00" name="setUp" finished-at="2023-11-21T19:39:40 GMT-07:00" duration-ms="2208" status="PASS">
          <reporter-output>
          </reporter-output>
        </test-method> <!-- setUp -->
        <test-method signature="create_Contact_Test()[pri:2, instance:tests.ContactTest@738dc9b]" started-at="2023-11-21T19:39:40 GMT-07:00" name="create_Contact_Test" finished-at="2023-11-21T19:39:46 GMT-07:00" duration-ms="5957" status="PASS">
          <reporter-output>
          </reporter-output>
        </test-method> <!-- create_Contact_Test -->
        <test-method is-config="true" signature="tearDown()[pri:0, instance:tests.ContactTest@738dc9b]" started-at="2023-11-21T19:39:46 GMT-07:00" name="tearDown" finished-at="2023-11-21T19:39:47 GMT-07:00" duration-ms="439" status="PASS">
          <reporter-output>
          </reporter-output>
        </test-method> <!-- tearDown -->
        <test-method is-config="true" signature="setUp()[pri:0, instance:tests.ContactTest@738dc9b]" started-at="2023-11-21T19:39:47 GMT-07:00" name="setUp" finished-at="2023-11-21T19:39:49 GMT-07:00" duration-ms="1965" status="PASS">
          <reporter-output>
          </reporter-output>
        </test-method> <!-- setUp -->
        <test-method signature="can_Not_Create_Without_Mandatory_Fields_Test()[pri:3, instance:tests.ContactTest@738dc9b]" started-at="2023-11-21T19:39:49 GMT-07:00" name="can_Not_Create_Without_Mandatory_Fields_Test" finished-at="2023-11-21T19:39:51 GMT-07:00" duration-ms="2576" status="PASS">
          <reporter-output>
          </reporter-output>
        </test-method> <!-- can_Not_Create_Without_Mandatory_Fields_Test -->
        <test-method is-config="true" signature="tearDown()[pri:0, instance:tests.ContactTest@738dc9b]" started-at="2023-11-21T19:39:51 GMT-07:00" name="tearDown" finished-at="2023-11-21T19:39:51 GMT-07:00" duration-ms="371" status="PASS">
          <reporter-output>
          </reporter-output>
        </test-method> <!-- tearDown -->
        <test-method is-config="true" signature="setUp()[pri:0, instance:tests.ContactTest@738dc9b]" started-at="2023-11-21T19:39:51 GMT-07:00" name="setUp" finished-at="2023-11-21T19:39:53 GMT-07:00" duration-ms="1779" status="PASS">
          <reporter-output>
          </reporter-output>
        </test-method> <!-- setUp -->
        <test-method signature="edit_Exist_Contact_Test()[pri:4, instance:tests.ContactTest@738dc9b]" started-at="2023-11-21T19:39:53 GMT-07:00" name="edit_Exist_Contact_Test" finished-at="2023-11-21T19:39:58 GMT-07:00" duration-ms="4540" status="FAIL">
          <exception class="java.lang.AssertionError">
            <message>
              <![CDATA[expected:<ContactInfo [firstName=GoldaAnna, lastName=Svit, birth=1984/01/29, email=anny@gmail.com, phone=0951099819, address=Heroiv of Work, city=Kharkiv, privince=Kharkivska oblast, zip=84331, country=Ukraine]> but was:<ContactInfo [firstName=Anna, lastName=Svit, birth=1984/01/29, email=anny@gmail.com, phone=0951099819, address=Heroiv of Work, city=Kharkiv, privince=Kharkivska oblast, zip=84331, country=Ukraine]>]]>
            </message>
            <full-stacktrace>
              <![CDATA[java.lang.AssertionError: expected:<ContactInfo [firstName=GoldaAnna, lastName=Svit, birth=1984/01/29, email=anny@gmail.com, phone=0951099819, address=Heroiv of Work, city=Kharkiv, privince=Kharkivska oblast, zip=84331, country=Ukraine]> but was:<ContactInfo [firstName=Anna, lastName=Svit, birth=1984/01/29, email=anny@gmail.com, phone=0951099819, address=Heroiv of Work, city=Kharkiv, privince=Kharkivska oblast, zip=84331, country=Ukraine]>
at org.testng.AssertJUnit.fail(AssertJUnit.java:65)
at org.testng.AssertJUnit.failNotEquals(AssertJUnit.java:467)
at org.testng.AssertJUnit.assertEquals(AssertJUnit.java:88)
at org.testng.AssertJUnit.assertEquals(AssertJUnit.java:98)
at tests.ContactTest.edit_Exist_Contact_Test(ContactTest.java:127)
at java.base/jdk.internal.reflect.NativeMethodAccessorImpl.invoke0(Native Method)
at java.base/jdk.internal.reflect.NativeMethodAccessorImpl.invoke(NativeMethodAccessorImpl.java:77)
at java.base/jdk.internal.reflect.DelegatingMethodAccessorImpl.invoke(DelegatingMethodAccessorImpl.java:43)
at java.base/java.lang.reflect.Method.invoke(Method.java:568)
at org.testng.internal.invokers.MethodInvocationHelper.invokeMethod(MethodInvocationHelper.java:139)
at org.testng.internal.invokers.TestInvoker.invokeMethod(TestInvoker.java:664)
at org.testng.internal.invokers.TestInvoker.invokeTestMethod(TestInvoker.java:227)
at org.testng.internal.invokers.MethodRunner.runInSequence(MethodRunner.java:50)
at org.testng.internal.invokers.TestInvoker$MethodInvocationAgent.invoke(TestInvoker.java:957)
at org.testng.internal.invokers.TestInvoker.invokeTestMethods(TestInvoker.java:200)
at org.testng.internal.invokers.TestMethodWorker.invokeTestMethods(TestMethodWorker.java:148)
at org.testng.internal.invokers.TestMethodWorker.run(TestMethodWorker.java:128)
at java.base/java.util.ArrayList.forEach(ArrayList.java:1511)
at org.testng.TestRunner.privateRun(TestRunner.java:848)
at org.testng.TestRunner.run(TestRunner.java:621)
at org.testng.SuiteRunner.runTest(SuiteRunner.java:443)
at org.testng.SuiteRunner.runSequentially(SuiteRunner.java:437)
at org.testng.SuiteRunner.privateRun(SuiteRunner.java:397)
at org.testng.SuiteRunner.run(SuiteRunner.java:336)
at org.testng.SuiteRunnerWorker.runSuite(SuiteRunnerWorker.java:52)
at org.testng.SuiteRunnerWorker.run(SuiteRunnerWorker.java:95)
at org.testng.TestNG.runSuitesSequentially(TestNG.java:1280)
at org.testng.TestNG.runSuitesLocally(TestNG.java:1200)
at org.testng.TestNG.runSuites(TestNG.java:1114)
at org.testng.TestNG.run(TestNG.java:1082)
at org.testng.remote.AbstractRemoteTestNG.run(AbstractRemoteTestNG.java:115)
at org.testng.remote.RemoteTestNG.initAndRun(RemoteTestNG.java:251)
at org.testng.remote.RemoteTestNG.main(RemoteTestNG.java:77)
]]>
            </full-stacktrace>
          </exception> <!-- java.lang.AssertionError -->
          <reporter-output>
          </reporter-output>
        </test-method> <!-- edit_Exist_Contact_Test -->
        <test-method is-config="true" signature="tearDown()[pri:0, instance:tests.ContactTest@738dc9b]" started-at="2023-11-21T19:39:58 GMT-07:00" name="tearDown" finished-at="2023-11-21T19:39:58 GMT-07:00" duration-ms="424" status="PASS">
          <reporter-output>
          </reporter-output>
        </test-method> <!-- tearDown -->
        <test-method is-config="true" signature="setUp()[pri:0, instance:tests.ContactTest@738dc9b]" started-at="2023-11-21T19:39:58 GMT-07:00" name="setUp" finished-at="2023-11-21T19:40:00 GMT-07:00" duration-ms="1525" status="PASS">
          <reporter-output>
          </reporter-output>
        </test-method> <!-- setUp -->
        <test-method signature="delete_Contact_Test()[pri:5, instance:tests.ContactTest@738dc9b]" started-at="2023-11-21T19:40:00 GMT-07:00" name="delete_Contact_Test" finished-at="2023-11-21T19:40:02 GMT-07:00" duration-ms="2596" status="PASS">
          <reporter-output>
          </reporter-output>
        </test-method> <!-- delete_Contact_Test -->
        <test-method is-config="true" signature="tearDown()[pri:0, instance:tests.ContactTest@738dc9b]" started-at="2023-11-21T19:40:02 GMT-07:00" name="tearDown" finished-at="2023-11-21T19:40:03 GMT-07:00" duration-ms="332" status="PASS">
          <reporter-output>
          </reporter-output>
        </test-method> <!-- tearDown -->
      </class> <!-- tests.ContactTest -->
    </test> <!-- Default test -->
  </suite> <!-- Default suite -->
</testng-results>
